<?xml version="1.0" encoding="UTF-8"?>
<testng-results ignored="0" total="1" passed="1" failed="0" skipped="0">
  <reporter-output>
  </reporter-output>
  <suite started-at="2022-09-26T20:53:20 IST" name="Default suite" finished-at="2022-09-26T20:53:20 IST" duration-ms="41">
    <groups>
    </groups>
    <test started-at="2022-09-26T20:53:20 IST" name="Default test" finished-at="2022-09-26T20:53:20 IST" duration-ms="41">
      <class name="practice.Sample">
        <test-method signature="sample()[pri:0, instance:practice.Sample@5be6e01c]" started-at="2022-09-26T20:53:20 IST" name="sample" finished-at="2022-09-26T20:53:20 IST" duration-ms="14" status="PASS">
          <reporter-output>
          </reporter-output>
        </test-method> <!-- sample -->
      </class> <!-- practice.Sample -->
    </test> <!-- Default test -->
  </suite> <!-- Default suite -->
</testng-results>
